c:\users\karak\source\repos\messenger_gui\messenger_gui\x64\debug\vc143.pdb
c:\users\karak\source\repos\messenger_gui\messenger_gui\x64\debug\.netframework,version=v4.7.2.assemblyattributes.obj
c:\users\karak\source\repos\messenger_gui\messenger_gui\x64\debug\userlistform.obj
c:\users\karak\source\repos\messenger_gui\messenger_gui\x64\debug\privatechat.obj
c:\users\karak\source\repos\messenger_gui\messenger_gui\x64\debug\messengerformadmin.obj
c:\users\karak\source\repos\messenger_gui\messenger_gui\x64\debug\messengerform.obj
c:\users\karak\source\repos\messenger_gui\messenger_gui\x64\debug\messangeruser.obj
c:\users\karak\source\repos\messenger_gui\messenger_gui\x64\debug\loginform.obj
c:\users\karak\source\repos\messenger_gui\messenger_gui\x64\debug\controller.obj
c:\users\karak\source\repos\messenger_gui\messenger_gui\x64\debug\connectiondb.obj
c:\users\karak\source\repos\messenger_gui\messenger_gui\x64\debug\chatmessages.obj
c:\users\karak\source\repos\messenger_gui\messenger_gui\x64\debug\datacontroller.obj
c:\users\karak\source\repos\messenger_gui\x64\debug\messenger_gui.exe
c:\users\karak\source\repos\messenger_gui\messenger_gui\x64\debug\messenger_gui.vcxproj.assemblyreference.cache
c:\users\karak\source\repos\messenger_gui\messenger_gui\x64\debug\messenger_gui.vcxproj.generateresource.cache
c:\users\karak\source\repos\messenger_gui\messenger_gui\x64\debug\messengergui.loginform.resources
c:\users\karak\source\repos\messenger_gui\messenger_gui\x64\debug\messengergui.messengerform.resources
c:\users\karak\source\repos\messenger_gui\messenger_gui\x64\debug\messengergui.messengerformadmin.resources
c:\users\karak\source\repos\messenger_gui\messenger_gui\x64\debug\messengergui.userlistform.resources
c:\users\karak\source\repos\messenger_gui\x64\debug\messenger_gui.pdb
c:\users\karak\source\repos\messenger_gui\messenger_gui\x64\debug\messenger_gui.tlog\cl.command.1.tlog
c:\users\karak\source\repos\messenger_gui\messenger_gui\x64\debug\messenger_gui.tlog\cl.read.1.tlog
c:\users\karak\source\repos\messenger_gui\messenger_gui\x64\debug\messenger_gui.tlog\cl.write.1.tlog
c:\users\karak\source\repos\messenger_gui\messenger_gui\x64\debug\messenger_gui.tlog\link.29276-cvtres.read.1.tlog
c:\users\karak\source\repos\messenger_gui\messenger_gui\x64\debug\messenger_gui.tlog\link.29276-cvtres.write.1.tlog
c:\users\karak\source\repos\messenger_gui\messenger_gui\x64\debug\messenger_gui.tlog\link.29276-rc.read.1.tlog
c:\users\karak\source\repos\messenger_gui\messenger_gui\x64\debug\messenger_gui.tlog\link.29276-rc.write.1.tlog
c:\users\karak\source\repos\messenger_gui\messenger_gui\x64\debug\messenger_gui.tlog\link.29276.read.1.tlog
c:\users\karak\source\repos\messenger_gui\messenger_gui\x64\debug\messenger_gui.tlog\link.29276.read.3.tlog
c:\users\karak\source\repos\messenger_gui\messenger_gui\x64\debug\messenger_gui.tlog\link.29276.write.1.tlog
c:\users\karak\source\repos\messenger_gui\messenger_gui\x64\debug\messenger_gui.tlog\link.command.1.tlog
c:\users\karak\source\repos\messenger_gui\messenger_gui\x64\debug\messenger_gui.tlog\link.read.1.tlog
c:\users\karak\source\repos\messenger_gui\messenger_gui\x64\debug\messenger_gui.tlog\link.read.2.tlog
c:\users\karak\source\repos\messenger_gui\messenger_gui\x64\debug\messenger_gui.tlog\link.write.1.tlog
c:\users\karak\source\repos\messenger_gui\messenger_gui\x64\debug\messenger_gui.tlog\metagen.read.1.tlog
c:\users\karak\source\repos\messenger_gui\messenger_gui\x64\debug\messenger_gui.tlog\metagen.write.1.tlog
c:\users\karak\source\repos\messenger_gui\messenger_gui\x64\debug\messenger_gui.tlog\resgen.command.1.tlog
c:\users\karak\source\repos\messenger_gui\messenger_gui\x64\debug\messenger_gui.tlog\resgen.read.1.tlog
c:\users\karak\source\repos\messenger_gui\messenger_gui\x64\debug\messenger_gui.tlog\resgen.write.1.tlog
